<eSearchResult>
  <Count>418202</Count>
  <RetMax>20</RetMax>
  <RetStart>18</RetStart>
  <WebEnv>MCID_5f77bdfcb48029616024b3fb</WebEnv>
  <IdList>
    <Id>33001611</Id>
    <Id>33001587</Id>
    <Id>33001583</Id>
    <Id>33001531</Id>
    <Id>33001390</Id>
    <Id>33001337</Id>
    <Id>33001336</Id>
    <Id>33001328</Id>
    <Id>33001309</Id>
    <Id>33001307</Id>
    <Id>33001299</Id>
    <Id>33001269</Id>
    <Id>33001242</Id>
    <Id>33001241</Id>
    <Id>33001187</Id>
    <Id>33001186</Id>
    <Id>33001012</Id>
    <Id>33000910</Id>
    <Id>33000898</Id>
    <Id>33000732</Id>
  </IdList>
</eSearchResult>